<?xml version="1.0" encoding="UTF-8" ?>
<testsuite errors="0" tests="5" time="0" failures="0" name="com.build.veracode.ResultsAPI">
<testcase time="0" name="Severity: 3, + Leftover Debug Code">
</testcase>
<testcase time="0" name="Severity: 3, + Use of Hard-coded Password">
</testcase>
<testcase time="0" name="Severity: 2, + Improper Resource Shutdown or Release">
</testcase>
<testcase time="0" name="Severity: 2, + Use of Wrong Operator in String Comparison">
</testcase>
<testcase time="0" name="Severity: 2, + Use of Wrong Operator in String Comparison">
</testcase>
<testcase time="0" name="Severity: 2, + Use of Wrong Operator in String Comparison">
</testcase>
<testcase time="0" name="Severity: 2, + Use of Wrong Operator in String Comparison">
</testcase>
</testsuite>
